<?xml version="1.0" encoding="UTF-8"?>
<!-- Generated by org.testng.reporters.JUnitReportReporter -->
<testsuite skipped="0" hostname="Infva06229" name="day7.DeleteCookies" tests="1" failures="0" timestamp="12 Mar 2019 05:38:39 GMT" time="4.361" errors="0">
  <testcase name="f" time="4.361" classname="day7.DeleteCookies"/>
</testsuite> <!-- day7.DeleteCookies -->
