<?xml version="1.0" encoding="UTF-8"?>
<!-- Generated by org.testng.reporters.JUnitReportReporter -->
<testsuite skipped="0" hostname="Infva06229" name="Day9.Execute" tests="2" failures="0" timestamp="14 Mar 2019 04:35:10 GMT" time="52.812" errors="0">
  <testcase name="F" time="13.064" classname="Day9.Execute"/>
  <testcase name="LinkTest" time="39.748" classname="Day9.Execute"/>
</testsuite> <!-- Day9.Execute -->
