<?xml version="1.0" encoding="UTF-8"?>
<!-- Generated by org.testng.reporters.JUnitReportReporter -->
<testsuite skipped="0" hostname="Infva06229" name="in.lnt.day1.FirstNG" tests="2" failures="0" timestamp="09 Mar 2019 07:31:38 GMT" time="2.251" errors="0">
  <testcase name="titleTest" time="2.199" classname="in.lnt.day1.FirstNG"/>
  <testcase name="searchBoxTest" time="0.052" classname="in.lnt.day1.FirstNG"/>
</testsuite> <!-- in.lnt.day1.FirstNG -->
