<?xml version="1.0" encoding="UTF-8"?>
<!-- Generated by org.testng.reporters.JUnitReportReporter -->
<testsuite skipped="0" hostname="Infva06229" name="Day9.Hybrid" tests="6" failures="0" timestamp="14 Mar 2019 07:27:52 GMT" time="11.191" errors="0">
  <testcase name="f" time="0.031" classname="Day9.Hybrid"/>
  <testcase name="f" time="0.001" classname="Day9.Hybrid"/>
  <testcase name="f" time="2.234" classname="Day9.Hybrid"/>
  <testcase name="f" time="0.047" classname="Day9.Hybrid"/>
  <testcase name="f" time="3.394" classname="Day9.Hybrid"/>
  <testcase name="f" time="5.484" classname="Day9.Hybrid"/>
</testsuite> <!-- Day9.Hybrid -->
