<?xml version="1.0" encoding="UTF-8"?>
<!-- Generated by org.testng.reporters.JUnitReportReporter -->
<testsuite skipped="0" hostname="Infva06229" name="day7JUnit.Scrolling" tests="1" failures="0" timestamp="12 Mar 2019 11:58:55 GMT" time="20.020" errors="0">
  <testcase name="f" time="20.020" classname="day7JUnit.Scrolling"/>
</testsuite> <!-- day7JUnit.Scrolling -->
